[2023-08-22 10:24:40.709 +02:00  INF]  User profile is available. Using '/Users/cephasjonsson/.aspnet/DataProtection-Keys' as key repository; keys will not be encrypted at rest.
[2023-08-22 10:24:41.127 +02:00  INF]  Now listening on: https://localhost:7250
[2023-08-22 10:24:41.127 +02:00  INF]  Now listening on: http://localhost:5250
[2023-08-22 10:24:41.127 +02:00  INF]  Application started. Press Ctrl+C to shut down.
[2023-08-22 10:24:41.127 +02:00  INF]  Hosting environment: Development
[2023-08-22 10:24:41.127 +02:00  INF]  Content root path: /Users/cephasjonsson/Documents/dev/netpower/beredskap/Beredskap/Beredskap.WebApi
[2023-08-22 10:24:57.572 +02:00  INF]  Request starting HTTP/1.1 OPTIONS https://localhost:7250/api/tokens - -
[2023-08-22 10:24:57.646 +02:00  INF]  CORS policy execution successful.
[2023-08-22 10:24:57.654 +02:00  INF]  Request finished HTTP/1.1 OPTIONS https://localhost:7250/api/tokens - - - 204 - - 82.8664ms
[2023-08-22 10:24:57.656 +02:00  INF]  Request starting HTTP/1.1 POST https://localhost:7250/api/tokens application/json 52
[2023-08-22 10:24:57.657 +02:00  INF]  CORS policy execution successful.
[2023-08-22 10:24:57.659 +02:00  INF]  Executing endpoint 'Beredskap.WebApi.Controllers.TokensController.Login (Beredskap.WebApi)'
[2023-08-22 10:24:57.671 +02:00  INF]  Route matched with {action = "Login", controller = "Tokens"}. Executing controller action with signature System.Threading.Tasks.Task`1[Microsoft.AspNetCore.Mvc.IActionResult] Login(System.String, Beredskap.DTOs.AuthDTOs.TokenRequest) on controller Beredskap.WebApi.Controllers.TokensController (Beredskap.WebApi).
[2023-08-22 10:24:58.511 +02:00  INF]  Entity Framework Core 6.0.1 initialized 'ApplicationDbContext' using provider 'Microsoft.EntityFrameworkCore.SqlServer:6.0.1' with options: None
[2023-08-22 10:24:58.990 +02:00  INF]  Executed DbCommand (37ms) [Parameters=[@__normalizedEmail_0='?' (Size = 256)], CommandType='"Text"', CommandTimeout='30']
SELECT TOP(2) [a].[Id], [a].[AccessFailedCount], [a].[ConcurrencyStamp], [a].[Email], [a].[EmailConfirmed], [a].[LockoutEnabled], [a].[LockoutEnd], [a].[NormalizedEmail], [a].[NormalizedUserName], [a].[PasswordHash], [a].[PhoneNumber], [a].[PhoneNumberConfirmed], [a].[SecurityStamp], [a].[TenantId], [a].[TwoFactorEnabled], [a].[UserName]
FROM [AspNetUsers] AS [a]
WHERE [a].[NormalizedEmail] = @__normalizedEmail_0
[2023-08-22 10:24:59.129 +02:00  INF]  Executed DbCommand (11ms) [Parameters=[@__userId_0='?' (Size = 450)], CommandType='"Text"', CommandTimeout='30']
SELECT [a0].[Name]
FROM [AspNetUserRoles] AS [a]
INNER JOIN [AspNetRoles] AS [a0] ON [a].[RoleId] = [a0].[Id]
WHERE [a].[UserId] = @__userId_0
[2023-08-22 10:24:59.232 +02:00  INF]  Executed DbCommand (99ms) [Parameters=[@__userId_0='?' (Size = 450)], CommandType='"Text"', CommandTimeout='30']
SELECT [a0].[Name]
FROM [AspNetUserRoles] AS [a]
INNER JOIN [AspNetRoles] AS [a0] ON [a].[RoleId] = [a0].[Id]
WHERE [a].[UserId] = @__userId_0
[2023-08-22 10:24:59.329 +02:00  INF]  Executing OkObjectResult, writing value of type '<>f__AnonymousType1`6[[System.String, System.Private.CoreLib, Version=7.0.0.0, Culture=neutral, PublicKeyToken=7cec85d7bea7798e],[System.String, System.Private.CoreLib, Version=7.0.0.0, Culture=neutral, PublicKeyToken=7cec85d7bea7798e],[System.DateTime, System.Private.CoreLib, Version=7.0.0.0, Culture=neutral, PublicKeyToken=7cec85d7bea7798e],[System.String, System.Private.CoreLib, Version=7.0.0.0, Culture=neutral, PublicKeyToken=7cec85d7bea7798e],[System.Guid, System.Private.CoreLib, Version=7.0.0.0, Culture=neutral, PublicKeyToken=7cec85d7bea7798e],[System.Collections.Generic.IList`1[[System.String, System.Private.CoreLib, Version=7.0.0.0, Culture=neutral, PublicKeyToken=7cec85d7bea7798e]], System.Private.CoreLib, Version=7.0.0.0, Culture=neutral, PublicKeyToken=7cec85d7bea7798e]]'.
[2023-08-22 10:24:59.359 +02:00  INF]  Executed action Beredskap.WebApi.Controllers.TokensController.Login (Beredskap.WebApi) in 1683.9499ms
[2023-08-22 10:24:59.360 +02:00  INF]  Executed endpoint 'Beredskap.WebApi.Controllers.TokensController.Login (Beredskap.WebApi)'
[2023-08-22 10:24:59.371 +02:00  INF]  Request finished HTTP/1.1 POST https://localhost:7250/api/tokens application/json 52 - 200 - application/json;+charset=utf-8 1715.5135ms
[2023-08-22 10:24:59.412 +02:00  INF]  Request starting HTTP/1.1 OPTIONS https://localhost:7250/api/Tenants - -
[2023-08-22 10:24:59.415 +02:00  INF]  CORS policy execution successful.
[2023-08-22 10:24:59.415 +02:00  INF]  Request finished HTTP/1.1 OPTIONS https://localhost:7250/api/Tenants - - - 204 - - 3.0685ms
[2023-08-22 10:24:59.465 +02:00  INF]  Request starting HTTP/1.1 GET https://localhost:7250/api/Tenants - -
[2023-08-22 10:24:59.520 +02:00  INF]  CORS policy execution successful.
[2023-08-22 10:24:59.520 +02:00  INF]  Executing endpoint 'Beredskap.WebApi.Controllers.TenantsController.GetTenants (Beredskap.WebApi)'
[2023-08-22 10:24:59.522 +02:00  INF]  Route matched with {action = "GetTenants", controller = "Tenants"}. Executing controller action with signature System.Threading.Tasks.Task`1[System.Collections.Generic.List`1[Beredskap.DTOs.TenantDTOs.TenantDTO]] GetTenants() on controller Beredskap.WebApi.Controllers.TenantsController (Beredskap.WebApi).
[2023-08-22 10:24:59.622 +02:00  INF]  Entity Framework Core 6.0.1 initialized 'ApplicationDbContext' using provider 'Microsoft.EntityFrameworkCore.SqlServer:6.0.1' with options: None
[2023-08-22 10:24:59.634 +02:00  INF]  Executed DbCommand (6ms) [Parameters=[], CommandType='"Text"', CommandTimeout='30']
SELECT [t].[Id], [t].[IsActive], [t].[Key]
FROM [Tenant] AS [t]
ORDER BY [t].[Key]
[2023-08-22 10:24:59.651 +02:00  INF]  Executing ObjectResult, writing value of type 'System.Collections.Generic.List`1[[Beredskap.DTOs.TenantDTOs.TenantDTO, Beredskap.DTOs, Version=1.0.0.0, Culture=neutral, PublicKeyToken=null]]'.
[2023-08-22 10:24:59.659 +02:00  INF]  Executed action Beredskap.WebApi.Controllers.TenantsController.GetTenants (Beredskap.WebApi) in 137.3017ms
[2023-08-22 10:24:59.659 +02:00  INF]  Executed endpoint 'Beredskap.WebApi.Controllers.TenantsController.GetTenants (Beredskap.WebApi)'
[2023-08-22 10:24:59.659 +02:00  INF]  Request finished HTTP/1.1 GET https://localhost:7250/api/Tenants - - - 200 - application/json;+charset=utf-8 194.5478ms
[2023-08-22 10:25:24.597 +02:00  INF]  Request starting HTTP/1.1 OPTIONS https://localhost:7250/api/tokens - -
[2023-08-22 10:25:24.597 +02:00  INF]  CORS policy execution successful.
[2023-08-22 10:25:24.597 +02:00  INF]  Request finished HTTP/1.1 OPTIONS https://localhost:7250/api/tokens - - - 204 - - 1.7146ms
[2023-08-22 10:25:24.731 +02:00  INF]  Request starting HTTP/1.1 POST https://localhost:7250/api/tokens application/json 52
[2023-08-22 10:25:24.732 +02:00  INF]  CORS policy execution successful.
[2023-08-22 10:25:24.732 +02:00  INF]  Executing endpoint 'Beredskap.WebApi.Controllers.TokensController.Login (Beredskap.WebApi)'
[2023-08-22 10:25:24.732 +02:00  INF]  Route matched with {action = "Login", controller = "Tokens"}. Executing controller action with signature System.Threading.Tasks.Task`1[Microsoft.AspNetCore.Mvc.IActionResult] Login(System.String, Beredskap.DTOs.AuthDTOs.TokenRequest) on controller Beredskap.WebApi.Controllers.TokensController (Beredskap.WebApi).
[2023-08-22 10:25:24.740 +02:00  INF]  Entity Framework Core 6.0.1 initialized 'ApplicationDbContext' using provider 'Microsoft.EntityFrameworkCore.SqlServer:6.0.1' with options: None
[2023-08-22 10:25:24.916 +02:00  INF]  Executed DbCommand (149ms) [Parameters=[@__normalizedEmail_0='?' (Size = 256)], CommandType='"Text"', CommandTimeout='30']
SELECT TOP(2) [a].[Id], [a].[AccessFailedCount], [a].[ConcurrencyStamp], [a].[Email], [a].[EmailConfirmed], [a].[LockoutEnabled], [a].[LockoutEnd], [a].[NormalizedEmail], [a].[NormalizedUserName], [a].[PasswordHash], [a].[PhoneNumber], [a].[PhoneNumberConfirmed], [a].[SecurityStamp], [a].[TenantId], [a].[TwoFactorEnabled], [a].[UserName]
FROM [AspNetUsers] AS [a]
WHERE [a].[NormalizedEmail] = @__normalizedEmail_0
[2023-08-22 10:25:24.982 +02:00  INF]  Executed DbCommand (4ms) [Parameters=[@__userId_0='?' (Size = 450)], CommandType='"Text"', CommandTimeout='30']
SELECT [a0].[Name]
FROM [AspNetUserRoles] AS [a]
INNER JOIN [AspNetRoles] AS [a0] ON [a].[RoleId] = [a0].[Id]
WHERE [a].[UserId] = @__userId_0
[2023-08-22 10:25:25.012 +02:00  INF]  Executed DbCommand (4ms) [Parameters=[@__userId_0='?' (Size = 450)], CommandType='"Text"', CommandTimeout='30']
SELECT [a0].[Name]
FROM [AspNetUserRoles] AS [a]
INNER JOIN [AspNetRoles] AS [a0] ON [a].[RoleId] = [a0].[Id]
WHERE [a].[UserId] = @__userId_0
[2023-08-22 10:25:25.013 +02:00  INF]  Executing OkObjectResult, writing value of type '<>f__AnonymousType1`6[[System.String, System.Private.CoreLib, Version=7.0.0.0, Culture=neutral, PublicKeyToken=7cec85d7bea7798e],[System.String, System.Private.CoreLib, Version=7.0.0.0, Culture=neutral, PublicKeyToken=7cec85d7bea7798e],[System.DateTime, System.Private.CoreLib, Version=7.0.0.0, Culture=neutral, PublicKeyToken=7cec85d7bea7798e],[System.String, System.Private.CoreLib, Version=7.0.0.0, Culture=neutral, PublicKeyToken=7cec85d7bea7798e],[System.Guid, System.Private.CoreLib, Version=7.0.0.0, Culture=neutral, PublicKeyToken=7cec85d7bea7798e],[System.Collections.Generic.IList`1[[System.String, System.Private.CoreLib, Version=7.0.0.0, Culture=neutral, PublicKeyToken=7cec85d7bea7798e]], System.Private.CoreLib, Version=7.0.0.0, Culture=neutral, PublicKeyToken=7cec85d7bea7798e]]'.
[2023-08-22 10:25:25.013 +02:00  INF]  Executed action Beredskap.WebApi.Controllers.TokensController.Login (Beredskap.WebApi) in 281.378ms
[2023-08-22 10:25:25.013 +02:00  INF]  Executed endpoint 'Beredskap.WebApi.Controllers.TokensController.Login (Beredskap.WebApi)'
[2023-08-22 10:25:25.013 +02:00  INF]  Request finished HTTP/1.1 POST https://localhost:7250/api/tokens application/json 52 - 200 - application/json;+charset=utf-8 282.1550ms
[2023-08-22 10:25:25.035 +02:00  INF]  Request starting HTTP/1.1 OPTIONS https://localhost:7250/api/Tenants - -
[2023-08-22 10:25:25.035 +02:00  INF]  CORS policy execution successful.
[2023-08-22 10:25:25.035 +02:00  INF]  Request finished HTTP/1.1 OPTIONS https://localhost:7250/api/Tenants - - - 204 - - 0.3438ms
[2023-08-22 10:25:25.036 +02:00  INF]  Request starting HTTP/1.1 GET https://localhost:7250/api/Tenants - -
[2023-08-22 10:25:25.038 +02:00  INF]  CORS policy execution successful.
[2023-08-22 10:25:25.038 +02:00  INF]  Executing endpoint 'Beredskap.WebApi.Controllers.TenantsController.GetTenants (Beredskap.WebApi)'
[2023-08-22 10:25:25.038 +02:00  INF]  Route matched with {action = "GetTenants", controller = "Tenants"}. Executing controller action with signature System.Threading.Tasks.Task`1[System.Collections.Generic.List`1[Beredskap.DTOs.TenantDTOs.TenantDTO]] GetTenants() on controller Beredskap.WebApi.Controllers.TenantsController (Beredskap.WebApi).
[2023-08-22 10:25:25.038 +02:00  INF]  Entity Framework Core 6.0.1 initialized 'ApplicationDbContext' using provider 'Microsoft.EntityFrameworkCore.SqlServer:6.0.1' with options: None
[2023-08-22 10:25:25.086 +02:00  INF]  Executed DbCommand (47ms) [Parameters=[], CommandType='"Text"', CommandTimeout='30']
SELECT [t].[Id], [t].[IsActive], [t].[Key]
FROM [Tenant] AS [t]
ORDER BY [t].[Key]
[2023-08-22 10:25:25.139 +02:00  INF]  Executing ObjectResult, writing value of type 'System.Collections.Generic.List`1[[Beredskap.DTOs.TenantDTOs.TenantDTO, Beredskap.DTOs, Version=1.0.0.0, Culture=neutral, PublicKeyToken=null]]'.
[2023-08-22 10:25:25.139 +02:00  INF]  Executed action Beredskap.WebApi.Controllers.TenantsController.GetTenants (Beredskap.WebApi) in 101.2955ms
[2023-08-22 10:25:25.139 +02:00  INF]  Executed endpoint 'Beredskap.WebApi.Controllers.TenantsController.GetTenants (Beredskap.WebApi)'
[2023-08-22 10:25:25.139 +02:00  INF]  Request finished HTTP/1.1 GET https://localhost:7250/api/Tenants - - - 200 - application/json;+charset=utf-8 102.8852ms
[2023-08-22 10:25:32.762 +02:00  INF]  Request starting HTTP/1.1 OPTIONS https://localhost:7250/api/tokens - -
[2023-08-22 10:25:32.762 +02:00  INF]  CORS policy execution successful.
[2023-08-22 10:25:32.762 +02:00  INF]  Request finished HTTP/1.1 OPTIONS https://localhost:7250/api/tokens - - - 204 - - 0.5064ms
[2023-08-22 10:25:32.788 +02:00  INF]  Request starting HTTP/1.1 POST https://localhost:7250/api/tokens application/json 52
[2023-08-22 10:25:32.788 +02:00  INF]  CORS policy execution successful.
[2023-08-22 10:25:32.788 +02:00  INF]  Executing endpoint 'Beredskap.WebApi.Controllers.TokensController.Login (Beredskap.WebApi)'
[2023-08-22 10:25:32.788 +02:00  INF]  Route matched with {action = "Login", controller = "Tokens"}. Executing controller action with signature System.Threading.Tasks.Task`1[Microsoft.AspNetCore.Mvc.IActionResult] Login(System.String, Beredskap.DTOs.AuthDTOs.TokenRequest) on controller Beredskap.WebApi.Controllers.TokensController (Beredskap.WebApi).
[2023-08-22 10:26:20.446 +02:00  INF]  Entity Framework Core 6.0.1 initialized 'ApplicationDbContext' using provider 'Microsoft.EntityFrameworkCore.SqlServer:6.0.1' with options: None
[2023-08-22 10:26:20.673 +02:00  INF]  Executed DbCommand (200ms) [Parameters=[@__normalizedEmail_0='?' (Size = 256)], CommandType='"Text"', CommandTimeout='30']
SELECT TOP(2) [a].[Id], [a].[AccessFailedCount], [a].[ConcurrencyStamp], [a].[Email], [a].[EmailConfirmed], [a].[LockoutEnabled], [a].[LockoutEnd], [a].[NormalizedEmail], [a].[NormalizedUserName], [a].[PasswordHash], [a].[PhoneNumber], [a].[PhoneNumberConfirmed], [a].[SecurityStamp], [a].[TenantId], [a].[TwoFactorEnabled], [a].[UserName]
FROM [AspNetUsers] AS [a]
WHERE [a].[NormalizedEmail] = @__normalizedEmail_0
[2023-08-22 10:26:20.843 +02:00  INF]  Executed DbCommand (73ms) [Parameters=[@__userId_0='?' (Size = 450)], CommandType='"Text"', CommandTimeout='30']
SELECT [a0].[Name]
FROM [AspNetUserRoles] AS [a]
INNER JOIN [AspNetRoles] AS [a0] ON [a].[RoleId] = [a0].[Id]
WHERE [a].[UserId] = @__userId_0
[2023-08-22 10:26:20.878 +02:00  INF]  Executed DbCommand (34ms) [Parameters=[@__userId_0='?' (Size = 450)], CommandType='"Text"', CommandTimeout='30']
SELECT [a0].[Name]
FROM [AspNetUserRoles] AS [a]
INNER JOIN [AspNetRoles] AS [a0] ON [a].[RoleId] = [a0].[Id]
WHERE [a].[UserId] = @__userId_0
[2023-08-22 10:26:20.878 +02:00  INF]  Executing OkObjectResult, writing value of type '<>f__AnonymousType1`6[[System.String, System.Private.CoreLib, Version=7.0.0.0, Culture=neutral, PublicKeyToken=7cec85d7bea7798e],[System.String, System.Private.CoreLib, Version=7.0.0.0, Culture=neutral, PublicKeyToken=7cec85d7bea7798e],[System.DateTime, System.Private.CoreLib, Version=7.0.0.0, Culture=neutral, PublicKeyToken=7cec85d7bea7798e],[System.String, System.Private.CoreLib, Version=7.0.0.0, Culture=neutral, PublicKeyToken=7cec85d7bea7798e],[System.Guid, System.Private.CoreLib, Version=7.0.0.0, Culture=neutral, PublicKeyToken=7cec85d7bea7798e],[System.Collections.Generic.IList`1[[System.String, System.Private.CoreLib, Version=7.0.0.0, Culture=neutral, PublicKeyToken=7cec85d7bea7798e]], System.Private.CoreLib, Version=7.0.0.0, Culture=neutral, PublicKeyToken=7cec85d7bea7798e]]'.
[2023-08-22 10:26:20.878 +02:00  INF]  Executed action Beredskap.WebApi.Controllers.TokensController.Login (Beredskap.WebApi) in 48090.0406ms
[2023-08-22 10:26:20.878 +02:00  INF]  Executed endpoint 'Beredskap.WebApi.Controllers.TokensController.Login (Beredskap.WebApi)'
[2023-08-22 10:26:20.879 +02:00  INF]  Request finished HTTP/1.1 POST https://localhost:7250/api/tokens application/json 52 - 200 - application/json;+charset=utf-8 48090.5467ms
[2023-08-22 10:26:20.936 +02:00  INF]  Request starting HTTP/1.1 OPTIONS https://localhost:7250/api/Tenants - -
[2023-08-22 10:26:20.936 +02:00  INF]  CORS policy execution successful.
[2023-08-22 10:26:20.936 +02:00  INF]  Request finished HTTP/1.1 OPTIONS https://localhost:7250/api/Tenants - - - 204 - - 0.3582ms
[2023-08-22 10:26:20.938 +02:00  INF]  Request starting HTTP/1.1 GET https://localhost:7250/api/Tenants - -
[2023-08-22 10:26:22.336 +02:00  INF]  CORS policy execution successful.
[2023-08-22 10:26:22.336 +02:00  INF]  Executing endpoint 'Beredskap.WebApi.Controllers.TenantsController.GetTenants (Beredskap.WebApi)'
[2023-08-22 10:26:22.337 +02:00  INF]  Route matched with {action = "GetTenants", controller = "Tenants"}. Executing controller action with signature System.Threading.Tasks.Task`1[System.Collections.Generic.List`1[Beredskap.DTOs.TenantDTOs.TenantDTO]] GetTenants() on controller Beredskap.WebApi.Controllers.TenantsController (Beredskap.WebApi).
[2023-08-22 10:26:22.337 +02:00  INF]  Entity Framework Core 6.0.1 initialized 'ApplicationDbContext' using provider 'Microsoft.EntityFrameworkCore.SqlServer:6.0.1' with options: None
[2023-08-22 10:26:22.342 +02:00  INF]  Executed DbCommand (4ms) [Parameters=[], CommandType='"Text"', CommandTimeout='30']
SELECT [t].[Id], [t].[IsActive], [t].[Key]
FROM [Tenant] AS [t]
ORDER BY [t].[Key]
[2023-08-22 10:26:22.343 +02:00  INF]  Executing ObjectResult, writing value of type 'System.Collections.Generic.List`1[[Beredskap.DTOs.TenantDTOs.TenantDTO, Beredskap.DTOs, Version=1.0.0.0, Culture=neutral, PublicKeyToken=null]]'.
[2023-08-22 10:26:22.343 +02:00  INF]  Executed action Beredskap.WebApi.Controllers.TenantsController.GetTenants (Beredskap.WebApi) in 6.5277ms
[2023-08-22 10:26:22.343 +02:00  INF]  Executed endpoint 'Beredskap.WebApi.Controllers.TenantsController.GetTenants (Beredskap.WebApi)'
[2023-08-22 10:26:22.343 +02:00  INF]  Request finished HTTP/1.1 GET https://localhost:7250/api/Tenants - - - 200 - application/json;+charset=utf-8 1405.6480ms
[2023-08-22 10:26:24.363 +02:00  INF]  Request starting HTTP/1.1 GET https://localhost:7250/api/Tenants - -
[2023-08-22 10:27:35.405 +02:00  INF]  CORS policy execution successful.
[2023-08-22 10:27:35.406 +02:00  INF]  Executing endpoint 'Beredskap.WebApi.Controllers.TenantsController.GetTenants (Beredskap.WebApi)'
[2023-08-22 10:27:35.408 +02:00  INF]  Route matched with {action = "GetTenants", controller = "Tenants"}. Executing controller action with signature System.Threading.Tasks.Task`1[System.Collections.Generic.List`1[Beredskap.DTOs.TenantDTOs.TenantDTO]] GetTenants() on controller Beredskap.WebApi.Controllers.TenantsController (Beredskap.WebApi).
[2023-08-22 10:27:35.435 +02:00  INF]  Entity Framework Core 6.0.1 initialized 'ApplicationDbContext' using provider 'Microsoft.EntityFrameworkCore.SqlServer:6.0.1' with options: None
[2023-08-22 10:27:35.541 +02:00  INF]  Executed DbCommand (105ms) [Parameters=[], CommandType='"Text"', CommandTimeout='30']
SELECT [t].[Id], [t].[IsActive], [t].[Key]
FROM [Tenant] AS [t]
ORDER BY [t].[Key]
[2023-08-22 10:27:35.541 +02:00  INF]  Executing ObjectResult, writing value of type 'System.Collections.Generic.List`1[[Beredskap.DTOs.TenantDTOs.TenantDTO, Beredskap.DTOs, Version=1.0.0.0, Culture=neutral, PublicKeyToken=null]]'.
[2023-08-22 10:27:35.543 +02:00  INF]  Executed action Beredskap.WebApi.Controllers.TenantsController.GetTenants (Beredskap.WebApi) in 135.6577ms
[2023-08-22 10:27:35.543 +02:00  INF]  Executed endpoint 'Beredskap.WebApi.Controllers.TenantsController.GetTenants (Beredskap.WebApi)'
[2023-08-22 10:27:35.543 +02:00  INF]  Request finished HTTP/1.1 GET https://localhost:7250/api/Tenants - - - 200 - application/json;+charset=utf-8 71179.6958ms
